======================================================================
Schema Fees Analysis - 2026-03-15 14:13:51
======================================================================

📖 Loading category mapping...
✅ Loaded category mapping with 17073 categories
   Created lookup for 17073 categories

📁 Scanning schema folder...
   Found 119 schema files

======================================================================
ANALYSIS RESULTS
======================================================================

📋 EbayCat_262360_EBAY_DE.json
   Category ID: 262360
   Category: /Antiquitäten & Kunst/Porzellan, Keramik & Glas/Gläser & Barzubehör/Gläser
   ✅ Found in mapping:
      - Payment Fee: €NULL
      - Sales Commission: NULL%
   ❌ MISSING IN MAPPING - Both fees are null in category_mapping!

======================================================================
SUMMARY
======================================================================
Total schemas scanned: 119
Schemas with missing fees: 1
Successfully fixed: 0
Errors: 0

⚠️  CATEGORIES WITH NULL/MISSING FEES IN MAPPING (1):
   Please add these to your Excel 'Ebay Categories' sheet:

   - Category ID: 262360
     Name: /Antiquitäten & Kunst/Porzellan, Keramik & Glas/Gläser & Barzubehör/Gläser
     File: EbayCat_262360_EBAY_DE.json


======================================================================
Log saved to: c:\Users\stame\OneDrive\TRADING_SEGMENT\ecom-platform-v2\backend\logs\schema_fees_analysis.log
======================================================================
